<?xml version="1.0" encoding="UTF-8"?>
<testng-results skipped="0" failed="0" ignored="0" total="3" passed="3">
  <reporter-output>
  </reporter-output>
  <suite name="Default suite" duration-ms="26024" started-at="2020-06-16T16:01:20Z" finished-at="2020-06-16T16:01:46Z">
    <groups>
    </groups>
    <test name="Default test" duration-ms="26024" started-at="2020-06-16T16:01:20Z" finished-at="2020-06-16T16:01:46Z">
      <class name="com.testng.practice.BasicAnnotationWithAutomation">
        <test-method status="PASS" signature="setup()[pri:0, instance:com.testng.practice.BasicAnnotationWithAutomation@f8c1ddd]" name="setup" is-config="true" duration-ms="11923" started-at="2020-06-16T16:01:20Z" finished-at="2020-06-16T16:01:31Z">
          <reporter-output>
          </reporter-output>
        </test-method> <!-- setup -->
        <test-method status="PASS" signature="test1()[pri:0, instance:com.testng.practice.BasicAnnotationWithAutomation@f8c1ddd]" name="test1" duration-ms="4066" started-at="2020-06-16T16:01:32Z" finished-at="2020-06-16T16:01:36Z">
          <reporter-output>
          </reporter-output>
        </test-method> <!-- test1 -->
        <test-method status="PASS" signature="test2()[pri:0, instance:com.testng.practice.BasicAnnotationWithAutomation@f8c1ddd]" name="test2" duration-ms="5329" started-at="2020-06-16T16:01:36Z" finished-at="2020-06-16T16:01:41Z">
          <reporter-output>
          </reporter-output>
        </test-method> <!-- test2 -->
        <test-method status="PASS" signature="test3()[pri:0, instance:com.testng.practice.BasicAnnotationWithAutomation@f8c1ddd]" name="test3" duration-ms="3632" started-at="2020-06-16T16:01:41Z" finished-at="2020-06-16T16:01:45Z">
          <reporter-output>
          </reporter-output>
        </test-method> <!-- test3 -->
        <test-method status="PASS" signature="teardown()[pri:0, instance:com.testng.practice.BasicAnnotationWithAutomation@f8c1ddd]" name="teardown" is-config="true" duration-ms="1044" started-at="2020-06-16T16:01:45Z" finished-at="2020-06-16T16:01:46Z">
          <reporter-output>
          </reporter-output>
        </test-method> <!-- teardown -->
      </class> <!-- com.testng.practice.BasicAnnotationWithAutomation -->
    </test> <!-- Default test -->
  </suite> <!-- Default suite -->
</testng-results>
