<?xml version="1.0" encoding="UTF-8"?>
<testng-results skipped="0" failed="0" ignored="0" total="1" passed="1">
  <reporter-output>
  </reporter-output>
  <suite name="Default suite" duration-ms="23793" started-at="2020-08-03T17:24:58 EDT" finished-at="2020-08-03T17:25:22 EDT">
    <groups>
      <group name="cucumber">
        <method signature="AbstractTestNGCucumberTests.runScenario(cucumber.api.testng.PickleEventWrapper, cucumber.api.testng.CucumberFeatureWrapper)[pri:0, instance:com.runner.ZooplaRunner@36b4cef0]" name="runScenario" class="cucumber.api.testng.AbstractTestNGCucumberTests"/>
      </group> <!-- cucumber -->
    </groups>
    <test name="Default test" duration-ms="23793" started-at="2020-08-03T17:24:58 EDT" finished-at="2020-08-03T17:25:22 EDT">
      <class name="com.runner.ZooplaRunner">
        <test-method status="PASS" signature="setupExtentsReport()[pri:0, instance:com.runner.ZooplaRunner@36b4cef0]" name="setupExtentsReport" is-config="true" duration-ms="14" started-at="2020-08-03T17:24:58 EDT" finished-at="2020-08-03T17:24:58 EDT">
          <reporter-output>
          </reporter-output>
        </test-method> <!-- setupExtentsReport -->
        <test-method status="PASS" signature="setUpClass()[pri:0, instance:com.runner.ZooplaRunner@36b4cef0]" name="setUpClass" is-config="true" duration-ms="265" started-at="2020-08-03T17:24:58 EDT" finished-at="2020-08-03T17:24:58 EDT">
          <reporter-output>
          </reporter-output>
        </test-method> <!-- setUpClass -->
        <test-method status="PASS" signature="runScenario(cucumber.api.testng.PickleEventWrapper, cucumber.api.testng.CucumberFeatureWrapper)[pri:0, instance:com.runner.ZooplaRunner@36b4cef0]" name="runScenario" duration-ms="23204" started-at="2020-08-03T17:24:59 EDT" description="Runs Cucumber Scenarios" data-provider="scenarios" finished-at="2020-08-03T17:25:22 EDT">
          <params>
            <param index="0">
              <value>
                <![CDATA["This is my end to end Testing"]]>
              </value>
            </param>
            <param index="1">
              <value>
                <![CDATA["Zoopla Project feature"]]>
              </value>
            </param>
          </params>
          <reporter-output>
          </reporter-output>
        </test-method> <!-- runScenario -->
        <test-method status="PASS" signature="tearDownClass()[pri:0, instance:com.runner.ZooplaRunner@36b4cef0]" name="tearDownClass" is-config="true" duration-ms="103" started-at="2020-08-03T17:25:22 EDT" finished-at="2020-08-03T17:25:22 EDT">
          <reporter-output>
          </reporter-output>
        </test-method> <!-- tearDownClass -->
      </class> <!-- com.runner.ZooplaRunner -->
    </test> <!-- Default test -->
  </suite> <!-- Default suite -->
</testng-results>
